<?xml version="1.0" encoding="UTF-8"?>
<testng-results skipped="0" failed="0" ignored="0" total="2" passed="2">
  <reporter-output>
  </reporter-output>
  <suite name="Suite" duration-ms="16034" started-at="2020-03-19T20:56:55 IST" finished-at="2020-03-19T20:57:11 IST">
    <groups>
    </groups>
    <test name="Test" duration-ms="16034" started-at="2020-03-19T20:56:55 IST" finished-at="2020-03-19T20:57:11 IST">
      <class name="com.employeeapi.testcases.TC001_GetEmployeeALL">
        <test-method status="PASS" signature="setup()[pri:0, instance:com.employeeapi.testcases.TC001_GetEmployeeALL@53f65459]" name="setup" is-config="true" duration-ms="799" started-at="2020-03-19T20:56:56 IST" finished-at="2020-03-19T20:56:56 IST">
          <reporter-output>
          </reporter-output>
        </test-method> <!-- setup -->
        <test-method status="PASS" signature="getEmployees()[pri:0, instance:com.employeeapi.testcases.TC001_GetEmployeeALL@53f65459]" name="getEmployees" is-config="true" duration-ms="8689" started-at="2020-03-19T20:56:56 IST" finished-at="2020-03-19T20:57:05 IST">
          <reporter-output>
          </reporter-output>
        </test-method> <!-- getEmployees -->
        <test-method status="PASS" signature="checkResponseBody()[pri:0, instance:com.employeeapi.testcases.TC001_GetEmployeeALL@53f65459]" name="checkResponseBody" duration-ms="115" started-at="2020-03-19T20:57:05 IST" finished-at="2020-03-19T20:57:05 IST">
          <reporter-output>
          </reporter-output>
        </test-method> <!-- checkResponseBody -->
      </class> <!-- com.employeeapi.testcases.TC001_GetEmployeeALL -->
      <class name="com.employeeapi.testcases.TC002_PostEmployee">
        <test-method status="PASS" signature="setup()[pri:0, instance:com.employeeapi.testcases.TC002_PostEmployee@3b088d51]" name="setup" is-config="true" duration-ms="1" started-at="2020-03-19T20:57:05 IST" finished-at="2020-03-19T20:57:05 IST">
          <reporter-output>
          </reporter-output>
        </test-method> <!-- setup -->
        <test-method status="PASS" signature="postEmployee()[pri:0, instance:com.employeeapi.testcases.TC002_PostEmployee@3b088d51]" name="postEmployee" is-config="true" duration-ms="6013" started-at="2020-03-19T20:57:05 IST" finished-at="2020-03-19T20:57:11 IST">
          <reporter-output>
          </reporter-output>
        </test-method> <!-- postEmployee -->
        <test-method status="PASS" signature="responseBody()[pri:0, instance:com.employeeapi.testcases.TC002_PostEmployee@3b088d51]" name="responseBody" duration-ms="4" started-at="2020-03-19T20:57:11 IST" finished-at="2020-03-19T20:57:11 IST">
          <reporter-output>
          </reporter-output>
        </test-method> <!-- responseBody -->
      </class> <!-- com.employeeapi.testcases.TC002_PostEmployee -->
    </test> <!-- Test -->
  </suite> <!-- Suite -->
</testng-results>
